\BOOKMARK [0][-]{titulo.0}{\376\377\000P\000\341\000g\000i\000n\000a\000\040\000d\000e\000\040\000T\000\355\000t\000u\000l\000o}{}% 1
\BOOKMARK [0][-]{dedicatoria.0}{\376\377\000D\000e\000d\000i\000c\000a\000t\000o\000r\000i\000a}{}% 2
\BOOKMARK [0][-]{chapter*.1}{\376\377\000A\000g\000r\000a\000d\000e\000c\000i\000m\000i\000e\000n\000t\000o\000s}{}% 3
\BOOKMARK [0][-]{chapter*.2}{\376\377\000R\000e\000s\000u\000m\000e\000n}{}% 4
\BOOKMARK [0][-]{indices.0}{\376\377\000\315\000n\000d\000i\000c\000e\000s}{}% 5
\BOOKMARK [1][-]{tabla de contenidos.1}{\376\377\000T\000a\000b\000l\000a\000\040\000d\000e\000\040\000c\000o\000n\000t\000e\000n\000i\000d\000o\000s}{indices.0}% 6
\BOOKMARK [1][-]{indice de figuras.1}{\376\377\000\315\000n\000d\000i\000c\000e\000\040\000d\000e\000\040\000f\000i\000g\000u\000r\000a\000s}{indices.0}% 7
\BOOKMARK [1][-]{indice de tablas.1}{\376\377\000\315\000n\000d\000i\000c\000e\000\040\000d\000e\000\040\000t\000a\000b\000l\000a\000s}{indices.0}% 8
\BOOKMARK [0][-]{chapter.1}{\376\377\000I\000n\000t\000r\000o\000d\000u\000c\000c\000i\000\363\000n}{}% 9
\BOOKMARK [1][-]{section.1.1}{\376\377\000M\000o\000t\000i\000v\000a\000c\000i\000\363\000n}{chapter.1}% 10
\BOOKMARK [1][-]{section.1.2}{\376\377\000O\000b\000j\000e\000t\000i\000v\000o\000s}{chapter.1}% 11
\BOOKMARK [1][-]{section.1.3}{\376\377\000P\000l\000a\000n\000\040\000d\000e\000\040\000T\000r\000a\000b\000a\000j\000o}{chapter.1}% 12
\BOOKMARK [0][-]{chapter.2}{\376\377\000E\000s\000t\000a\000d\000o\000\040\000d\000e\000l\000\040\000A\000r\000t\000e}{}% 13
\BOOKMARK [1][-]{section.2.1}{\376\377\000A\000p\000l\000i\000c\000a\000c\000i\000o\000n\000e\000s\000\040\000d\000e\000\040\000R\000e\000c\000i\000c\000l\000a\000j\000e}{chapter.2}% 14
\BOOKMARK [1][-]{section.2.2}{\376\377\000R\000e\000d\000e\000s\000\040\000N\000e\000u\000r\000o\000n\000a\000l\000e\000s}{chapter.2}% 15
\BOOKMARK [1][-]{section.2.3}{\376\377\000G\000e\000n\000e\000r\000a\000c\000i\000\363\000n\000\040\000d\000e\000\040\000I\000m\000\341\000g\000e\000n\000e\000s}{chapter.2}% 16
\BOOKMARK [1][-]{section.2.4}{\376\377\000I\000d\000e\000n\000t\000i\000f\000i\000c\000a\000c\000i\000\363\000n\000\040\000d\000e\000\040\000O\000b\000j\000e\000t\000o\000s\000\040\000e\000\040\000I\000m\000\341\000g\000e\000n\000e\000s}{chapter.2}% 17
\BOOKMARK [0][-]{chapter.3}{\376\377\000G\000e\000n\000e\000r\000a\000c\000i\000\363\000n\000\040\000d\000e\000\040\000I\000m\000\341\000g\000e\000n\000e\000s}{}% 18
\BOOKMARK [1][-]{section.3.1}{\376\377\000I\000n\000t\000r\000o\000d\000u\000c\000c\000i\000\363\000n}{chapter.3}% 19
\BOOKMARK [1][-]{section.3.2}{\376\377\000U\000n\000i\000t\000y}{chapter.3}% 20
\BOOKMARK [1][-]{section.3.3}{\376\377\000M\000o\000d\000e\000l\000o\000s}{chapter.3}% 21
\BOOKMARK [1][-]{section.3.4}{\376\377\000C\000a\000p\000t\000u\000r\000a\000s}{chapter.3}% 22
\BOOKMARK [0][-]{chapter.4}{\376\377\000R\000e\000d\000\040\000N\000e\000u\000r\000o\000n\000a\000l}{}% 23
\BOOKMARK [1][-]{section.4.1}{\376\377\000T\000e\000n\000s\000o\000r\000f\000l\000o\000w}{chapter.4}% 24
\BOOKMARK [1][-]{section.4.2}{\376\377\000T\000e\000n\000s\000o\000r\000f\000l\000o\000w\000\040\000L\000i\000t\000e}{chapter.4}% 25
\BOOKMARK [1][-]{section.4.3}{\376\377\000E\000n\000t\000r\000e\000n\000a\000m\000i\000e\000n\000t\000o}{chapter.4}% 26
\BOOKMARK [1][-]{section.4.4}{\376\377\000R\000e\000s\000u\000l\000t\000a\000d\000o\000s}{chapter.4}% 27
\BOOKMARK [1][-]{section.4.5}{\376\377\000C\000o\000m\000p\000a\000r\000a\000c\000i\000\363\000n}{chapter.4}% 28
\BOOKMARK [0][-]{chapter.5}{\376\377\000A\000p\000l\000i\000c\000a\000c\000i\000\363\000n\000\040\000d\000e\000\040\000I\000d\000e\000n\000t\000i\000f\000i\000c\000a\000c\000i\000\363\000n\000\040\000d\000e\000\040\000O\000b\000j\000e\000t\000o\000s}{}% 29
\BOOKMARK [1][-]{section.5.1}{\376\377\000I\000n\000t\000r\000o\000d\000u\000c\000c\000i\000\363\000n}{chapter.5}% 30
\BOOKMARK [1][-]{section.5.2}{\376\377\000T\000e\000n\000s\000o\000r\000f\000l\000o\000w\000\040\000L\000i\000t\000e}{chapter.5}% 31
\BOOKMARK [1][-]{section.5.3}{\376\377\000I\000d\000e\000n\000t\000i\000f\000i\000c\000a\000c\000i\000\363\000n\000\040\000d\000e\000\040\000O\000b\000j\000e\000t\000o\000s}{chapter.5}% 32
\BOOKMARK [0][-]{chapter.6}{\376\377\000C\000o\000n\000c\000l\000u\000s\000i\000o\000n\000e\000s\000\040\000y\000\040\000T\000r\000a\000b\000a\000j\000o\000\040\000F\000u\000t\000u\000r\000o}{}% 33
\BOOKMARK [1][-]{section.6.1}{\376\377\000C\000o\000n\000c\000l\000u\000s\000i\000o\000n\000e\000s}{chapter.6}% 34
\BOOKMARK [1][-]{section.6.2}{\376\377\000T\000r\000a\000b\000a\000j\000o\000\040\000F\000u\000t\000u\000r\000o}{chapter.6}% 35
\BOOKMARK [0][-]{appendix.Alph1}{\376\377\000A\000s\000\355\000\040\000s\000e\000\040\000h\000i\000z\000o\000.\000.\000.}{}% 36
\BOOKMARK [1][-]{section.Alph1.1}{\376\377\000I\000n\000t\000r\000o\000d\000u\000c\000c\000i\000\363\000n}{appendix.Alph1}% 37
\BOOKMARK [0][-]{fin.0}{\376\377\000F\000i\000n}{}% 38
